{
  "RSpec": {
    "coverage": {
      "/home/bacarini/ngdecor-system/app/models/user.rb": [
        1,
        null,
        null,
        1,
        null,
        null
      ],
      "/home/bacarini/ngdecor-system/app/helpers/application_helper.rb": [
        1,
        null
      ],
      "/home/bacarini/ngdecor-system/app/helpers/categories_helper.rb": [
        1,
        null
      ],
      "/home/bacarini/ngdecor-system/app/helpers/customers_helper.rb": [
        1,
        null
      ],
      "/home/bacarini/ngdecor-system/app/helpers/products_helper.rb": [
        1,
        null
      ],
      "/home/bacarini/ngdecor-system/app/helpers/suppliers_helper.rb": [
        1,
        null
      ],
      "/home/bacarini/ngdecor-system/app/helpers/user_helper.rb": [
        1,
        null
      ],
      "/home/bacarini/ngdecor-system/app/controllers/categories_controller.rb": [
        1,
        1,
        null,
        null,
        null,
        1,
        1,
        null,
        null,
        null,
        null,
        1,
        null,
        null,
        null,
        1,
        1,
        null,
        null,
        null,
        1,
        null,
        null,
        null,
        null,
        1,
        5,
        null,
        5,
        5,
        6,
        3,
        null,
        4,
        2,
        null,
        null,
        null,
        null,
        null,
        null,
        1,
        5,
        5,
        4,
        2,
        null,
        6,
        3,
        null,
        null,
        null,
        null,
        null,
        null,
        1,
        2,
        2,
        4,
        2,
        null,
        null,
        null,
        1,
        null,
        1,
        9,
        null,
        null,
        null,
        1,
        10,
        null,
        null
      ],
      "/home/bacarini/ngdecor-system/app/controllers/application_controller.rb": [
        1,
        null,
        null,
        1,
        null,
        1,
        1,
        null,
        1,
        1,
        66,
        null,
        null,
        1,
        66,
        null,
        null
      ],
      "/home/bacarini/ngdecor-system/app/controllers/customers_controller.rb": [
        1,
        1,
        null,
        null,
        null,
        1,
        1,
        null,
        null,
        null,
        null,
        1,
        null,
        null,
        null,
        1,
        1,
        null,
        null,
        null,
        1,
        null,
        null,
        null,
        null,
        1,
        5,
        null,
        5,
        5,
        6,
        3,
        null,
        4,
        2,
        null,
        null,
        null,
        null,
        null,
        null,
        1,
        5,
        5,
        4,
        2,
        null,
        6,
        3,
        null,
        null,
        null,
        null,
        null,
        null,
        1,
        2,
        2,
        4,
        2,
        null,
        null,
        null,
        1,
        null,
        1,
        9,
        null,
        null,
        null,
        1,
        10,
        null,
        null
      ],
      "/home/bacarini/ngdecor-system/app/controllers/products_controller.rb": [
        1,
        1,
        null,
        null,
        null,
        1,
        1,
        null,
        null,
        null,
        null,
        1,
        null,
        null,
        null,
        1,
        1,
        null,
        null,
        null,
        1,
        null,
        null,
        null,
        null,
        1,
        5,
        null,
        5,
        5,
        6,
        3,
        null,
        4,
        2,
        null,
        null,
        null,
        null,
        null,
        null,
        1,
        5,
        5,
        4,
        2,
        null,
        6,
        3,
        null,
        null,
        null,
        null,
        null,
        null,
        1,
        2,
        2,
        4,
        2,
        null,
        null,
        null,
        1,
        null,
        1,
        9,
        null,
        null,
        null,
        1,
        10,
        null,
        null
      ],
      "/home/bacarini/ngdecor-system/app/controllers/suppliers_controller.rb": [
        1,
        1,
        null,
        null,
        null,
        1,
        1,
        null,
        null,
        null,
        null,
        1,
        null,
        null,
        null,
        1,
        1,
        null,
        null,
        null,
        1,
        null,
        null,
        null,
        null,
        1,
        5,
        null,
        5,
        5,
        6,
        3,
        null,
        4,
        2,
        null,
        null,
        null,
        null,
        null,
        null,
        1,
        5,
        5,
        4,
        2,
        null,
        6,
        3,
        null,
        null,
        null,
        null,
        null,
        null,
        1,
        2,
        2,
        4,
        2,
        null,
        null,
        null,
        1,
        null,
        1,
        9,
        null,
        null,
        null,
        1,
        10,
        null,
        null
      ],
      "/home/bacarini/ngdecor-system/app/controllers/users_controller.rb": [
        1,
        1,
        null,
        null,
        1,
        null,
        null,
        null,
        null,
        null,
        1,
        1,
        null,
        null
      ],
      "/home/bacarini/ngdecor-system/app/models/category.rb": [
        1,
        null,
        1,
        null
      ],
      "/home/bacarini/ngdecor-system/app/models/customer.rb": [
        1,
        null,
        1,
        null
      ],
      "/home/bacarini/ngdecor-system/app/models/product.rb": [
        1,
        null,
        1,
        1,
        null,
        1,
        null
      ],
      "/home/bacarini/ngdecor-system/app/models/supplier.rb": [
        1,
        null,
        1,
        null,
        1,
        1,
        null
      ]
    },
    "timestamp": 1382980884
  }
}
